/root/anaconda3/lib/python3.5/site-packages/rasa_nlu/extractors/entity_synonyms.py:85: UserWarning: Failed to load synonyms file from 'projects/ccb_chatbot/ccb_chatbot_demo/entity_synonyms.json'
  "".format(entity_synonyms_file))

/root/anaconda3/lib/python3.5/site-packages/sklearn/preprocessing/label.py:151: DeprecationWarning: The truth value of an empty array is ambiguous. Returning False, but in future this will result in an error. Use `array.size > 0` to check that an array is not empty.
  if diff:

/root/anaconda3/lib/python3.5/site-packages/sklearn/preprocessing/label.py:151: DeprecationWarning: The truth value of an empty array is ambiguous. Returning False, but in future this will result in an error. Use `array.size > 0` to check that an array is not empty.
  if diff:

/root/anaconda3/lib/python3.5/site-packages/sklearn/preprocessing/label.py:151: DeprecationWarning: The truth value of an empty array is ambiguous. Returning False, but in future this will result in an error. Use `array.size > 0` to check that an array is not empty.
  if diff:

/root/anaconda3/lib/python3.5/site-packages/sklearn/preprocessing/label.py:151: DeprecationWarning: The truth value of an empty array is ambiguous. Returning False, but in future this will result in an error. Use `array.size > 0` to check that an array is not empty.
  if diff:

/root/anaconda3/lib/python3.5/site-packages/sklearn/preprocessing/label.py:151: DeprecationWarning: The truth value of an empty array is ambiguous. Returning False, but in future this will result in an error. Use `array.size > 0` to check that an array is not empty.
  if diff:

/root/anaconda3/lib/python3.5/site-packages/sklearn/preprocessing/label.py:151: DeprecationWarning: The truth value of an empty array is ambiguous. Returning False, but in future this will result in an error. Use `array.size > 0` to check that an array is not empty.
  if diff:

/root/anaconda3/lib/python3.5/site-packages/sklearn/preprocessing/label.py:151: DeprecationWarning: The truth value of an empty array is ambiguous. Returning False, but in future this will result in an error. Use `array.size > 0` to check that an array is not empty.
  if diff:

/root/anaconda3/lib/python3.5/site-packages/sklearn/preprocessing/label.py:151: DeprecationWarning: The truth value of an empty array is ambiguous. Returning False, but in future this will result in an error. Use `array.size > 0` to check that an array is not empty.
  if diff:

/root/anaconda3/lib/python3.5/site-packages/sklearn/preprocessing/label.py:151: DeprecationWarning: The truth value of an empty array is ambiguous. Returning False, but in future this will result in an error. Use `array.size > 0` to check that an array is not empty.
  if diff:

/root/anaconda3/lib/python3.5/site-packages/sklearn/preprocessing/label.py:151: DeprecationWarning: The truth value of an empty array is ambiguous. Returning False, but in future this will result in an error. Use `array.size > 0` to check that an array is not empty.
  if diff:

/root/anaconda3/lib/python3.5/site-packages/sklearn/preprocessing/label.py:151: DeprecationWarning: The truth value of an empty array is ambiguous. Returning False, but in future this will result in an error. Use `array.size > 0` to check that an array is not empty.
  if diff:

/root/anaconda3/lib/python3.5/site-packages/sklearn/preprocessing/label.py:151: DeprecationWarning: The truth value of an empty array is ambiguous. Returning False, but in future this will result in an error. Use `array.size > 0` to check that an array is not empty.
  if diff:

/root/anaconda3/lib/python3.5/site-packages/sklearn/preprocessing/label.py:151: DeprecationWarning: The truth value of an empty array is ambiguous. Returning False, but in future this will result in an error. Use `array.size > 0` to check that an array is not empty.
  if diff:

/root/anaconda3/lib/python3.5/site-packages/sklearn/preprocessing/label.py:151: DeprecationWarning: The truth value of an empty array is ambiguous. Returning False, but in future this will result in an error. Use `array.size > 0` to check that an array is not empty.
  if diff:

/root/anaconda3/lib/python3.5/site-packages/sklearn/preprocessing/label.py:151: DeprecationWarning: The truth value of an empty array is ambiguous. Returning False, but in future this will result in an error. Use `array.size > 0` to check that an array is not empty.
  if diff:

/root/anaconda3/lib/python3.5/site-packages/sklearn/preprocessing/label.py:151: DeprecationWarning: The truth value of an empty array is ambiguous. Returning False, but in future this will result in an error. Use `array.size > 0` to check that an array is not empty.
  if diff:

/root/anaconda3/lib/python3.5/site-packages/sklearn/preprocessing/label.py:151: DeprecationWarning: The truth value of an empty array is ambiguous. Returning False, but in future this will result in an error. Use `array.size > 0` to check that an array is not empty.
  if diff:

/root/anaconda3/lib/python3.5/site-packages/sklearn/preprocessing/label.py:151: DeprecationWarning: The truth value of an empty array is ambiguous. Returning False, but in future this will result in an error. Use `array.size > 0` to check that an array is not empty.
  if diff:

/root/anaconda3/lib/python3.5/site-packages/sklearn/preprocessing/label.py:151: DeprecationWarning: The truth value of an empty array is ambiguous. Returning False, but in future this will result in an error. Use `array.size > 0` to check that an array is not empty.
  if diff:

/root/anaconda3/lib/python3.5/site-packages/sklearn/preprocessing/label.py:151: DeprecationWarning: The truth value of an empty array is ambiguous. Returning False, but in future this will result in an error. Use `array.size > 0` to check that an array is not empty.
  if diff:

/root/anaconda3/lib/python3.5/site-packages/sklearn/preprocessing/label.py:151: DeprecationWarning: The truth value of an empty array is ambiguous. Returning False, but in future this will result in an error. Use `array.size > 0` to check that an array is not empty.
  if diff:

/root/anaconda3/lib/python3.5/site-packages/sklearn/preprocessing/label.py:151: DeprecationWarning: The truth value of an empty array is ambiguous. Returning False, but in future this will result in an error. Use `array.size > 0` to check that an array is not empty.
  if diff:

/root/anaconda3/lib/python3.5/site-packages/sklearn/preprocessing/label.py:151: DeprecationWarning: The truth value of an empty array is ambiguous. Returning False, but in future this will result in an error. Use `array.size > 0` to check that an array is not empty.
  if diff:

/root/anaconda3/lib/python3.5/site-packages/sklearn/preprocessing/label.py:151: DeprecationWarning: The truth value of an empty array is ambiguous. Returning False, but in future this will result in an error. Use `array.size > 0` to check that an array is not empty.
  if diff:

/root/anaconda3/lib/python3.5/site-packages/rasa_nlu/extractors/entity_synonyms.py:85: UserWarning: Failed to load synonyms file from 'projects/ccb_nlu/new_nlu/entity_synonyms.json'
  "".format(entity_synonyms_file))

/root/anaconda3/lib/python3.5/site-packages/sklearn/preprocessing/label.py:151: DeprecationWarning: The truth value of an empty array is ambiguous. Returning False, but in future this will result in an error. Use `array.size > 0` to check that an array is not empty.
  if diff:

/root/anaconda3/lib/python3.5/site-packages/sklearn/preprocessing/label.py:151: DeprecationWarning: The truth value of an empty array is ambiguous. Returning False, but in future this will result in an error. Use `array.size > 0` to check that an array is not empty.
  if diff:

/root/anaconda3/lib/python3.5/site-packages/sklearn/preprocessing/label.py:151: DeprecationWarning: The truth value of an empty array is ambiguous. Returning False, but in future this will result in an error. Use `array.size > 0` to check that an array is not empty.
  if diff:

/root/anaconda3/lib/python3.5/site-packages/rasa_nlu/extractors/entity_synonyms.py:85: UserWarning: Failed to load synonyms file from 'projects/ccb_nlu/new_nlu/entity_synonyms.json'
  "".format(entity_synonyms_file))

/root/anaconda3/lib/python3.5/site-packages/sklearn/preprocessing/label.py:151: DeprecationWarning: The truth value of an empty array is ambiguous. Returning False, but in future this will result in an error. Use `array.size > 0` to check that an array is not empty.
  if diff:

/root/anaconda3/lib/python3.5/site-packages/sklearn/preprocessing/label.py:151: DeprecationWarning: The truth value of an empty array is ambiguous. Returning False, but in future this will result in an error. Use `array.size > 0` to check that an array is not empty.
  if diff:

/root/anaconda3/lib/python3.5/site-packages/sklearn/preprocessing/label.py:151: DeprecationWarning: The truth value of an empty array is ambiguous. Returning False, but in future this will result in an error. Use `array.size > 0` to check that an array is not empty.
  if diff:

/root/anaconda3/lib/python3.5/site-packages/sklearn/preprocessing/label.py:151: DeprecationWarning: The truth value of an empty array is ambiguous. Returning False, but in future this will result in an error. Use `array.size > 0` to check that an array is not empty.
  if diff:

/root/anaconda3/lib/python3.5/site-packages/sklearn/preprocessing/label.py:151: DeprecationWarning: The truth value of an empty array is ambiguous. Returning False, but in future this will result in an error. Use `array.size > 0` to check that an array is not empty.
  if diff:

/root/anaconda3/lib/python3.5/site-packages/sklearn/preprocessing/label.py:151: DeprecationWarning: The truth value of an empty array is ambiguous. Returning False, but in future this will result in an error. Use `array.size > 0` to check that an array is not empty.
  if diff:

/root/anaconda3/lib/python3.5/site-packages/sklearn/preprocessing/label.py:151: DeprecationWarning: The truth value of an empty array is ambiguous. Returning False, but in future this will result in an error. Use `array.size > 0` to check that an array is not empty.
  if diff:

/root/anaconda3/lib/python3.5/site-packages/sklearn/preprocessing/label.py:151: DeprecationWarning: The truth value of an empty array is ambiguous. Returning False, but in future this will result in an error. Use `array.size > 0` to check that an array is not empty.
  if diff:

/root/anaconda3/lib/python3.5/site-packages/sklearn/preprocessing/label.py:151: DeprecationWarning: The truth value of an empty array is ambiguous. Returning False, but in future this will result in an error. Use `array.size > 0` to check that an array is not empty.
  if diff:

/root/anaconda3/lib/python3.5/site-packages/sklearn/preprocessing/label.py:151: DeprecationWarning: The truth value of an empty array is ambiguous. Returning False, but in future this will result in an error. Use `array.size > 0` to check that an array is not empty.
  if diff:

/root/anaconda3/lib/python3.5/site-packages/sklearn/preprocessing/label.py:151: DeprecationWarning: The truth value of an empty array is ambiguous. Returning False, but in future this will result in an error. Use `array.size > 0` to check that an array is not empty.
  if diff:

/root/anaconda3/lib/python3.5/site-packages/rasa_nlu/extractors/entity_synonyms.py:85: UserWarning: Failed to load synonyms file from 'projects/ccb_nlu/new_nlu/entity_synonyms.json'
  "".format(entity_synonyms_file))

/root/anaconda3/lib/python3.5/site-packages/sklearn/preprocessing/label.py:151: DeprecationWarning: The truth value of an empty array is ambiguous. Returning False, but in future this will result in an error. Use `array.size > 0` to check that an array is not empty.
  if diff:

/root/anaconda3/lib/python3.5/site-packages/sklearn/preprocessing/label.py:151: DeprecationWarning: The truth value of an empty array is ambiguous. Returning False, but in future this will result in an error. Use `array.size > 0` to check that an array is not empty.
  if diff:

/root/anaconda3/lib/python3.5/site-packages/sklearn/preprocessing/label.py:151: DeprecationWarning: The truth value of an empty array is ambiguous. Returning False, but in future this will result in an error. Use `array.size > 0` to check that an array is not empty.
  if diff:

/root/anaconda3/lib/python3.5/site-packages/sklearn/preprocessing/label.py:151: DeprecationWarning: The truth value of an empty array is ambiguous. Returning False, but in future this will result in an error. Use `array.size > 0` to check that an array is not empty.
  if diff:

/root/anaconda3/lib/python3.5/site-packages/sklearn/preprocessing/label.py:151: DeprecationWarning: The truth value of an empty array is ambiguous. Returning False, but in future this will result in an error. Use `array.size > 0` to check that an array is not empty.
  if diff:

/root/anaconda3/lib/python3.5/site-packages/sklearn/preprocessing/label.py:151: DeprecationWarning: The truth value of an empty array is ambiguous. Returning False, but in future this will result in an error. Use `array.size > 0` to check that an array is not empty.
  if diff:

/root/anaconda3/lib/python3.5/site-packages/sklearn/preprocessing/label.py:151: DeprecationWarning: The truth value of an empty array is ambiguous. Returning False, but in future this will result in an error. Use `array.size > 0` to check that an array is not empty.
  if diff:

/root/anaconda3/lib/python3.5/site-packages/sklearn/preprocessing/label.py:151: DeprecationWarning: The truth value of an empty array is ambiguous. Returning False, but in future this will result in an error. Use `array.size > 0` to check that an array is not empty.
  if diff:

/root/anaconda3/lib/python3.5/site-packages/sklearn/preprocessing/label.py:151: DeprecationWarning: The truth value of an empty array is ambiguous. Returning False, but in future this will result in an error. Use `array.size > 0` to check that an array is not empty.
  if diff:

/root/anaconda3/lib/python3.5/site-packages/sklearn/preprocessing/label.py:151: DeprecationWarning: The truth value of an empty array is ambiguous. Returning False, but in future this will result in an error. Use `array.size > 0` to check that an array is not empty.
  if diff:

/root/anaconda3/lib/python3.5/site-packages/sklearn/preprocessing/label.py:151: DeprecationWarning: The truth value of an empty array is ambiguous. Returning False, but in future this will result in an error. Use `array.size > 0` to check that an array is not empty.
  if diff:

/root/anaconda3/lib/python3.5/site-packages/sklearn/preprocessing/label.py:151: DeprecationWarning: The truth value of an empty array is ambiguous. Returning False, but in future this will result in an error. Use `array.size > 0` to check that an array is not empty.
  if diff:

/root/anaconda3/lib/python3.5/site-packages/sklearn/preprocessing/label.py:151: DeprecationWarning: The truth value of an empty array is ambiguous. Returning False, but in future this will result in an error. Use `array.size > 0` to check that an array is not empty.
  if diff:

/root/anaconda3/lib/python3.5/site-packages/sklearn/preprocessing/label.py:151: DeprecationWarning: The truth value of an empty array is ambiguous. Returning False, but in future this will result in an error. Use `array.size > 0` to check that an array is not empty.
  if diff:

/root/anaconda3/lib/python3.5/site-packages/sklearn/preprocessing/label.py:151: DeprecationWarning: The truth value of an empty array is ambiguous. Returning False, but in future this will result in an error. Use `array.size > 0` to check that an array is not empty.
  if diff:

/root/anaconda3/lib/python3.5/site-packages/sklearn/preprocessing/label.py:151: DeprecationWarning: The truth value of an empty array is ambiguous. Returning False, but in future this will result in an error. Use `array.size > 0` to check that an array is not empty.
  if diff:

/root/anaconda3/lib/python3.5/site-packages/sklearn/preprocessing/label.py:151: DeprecationWarning: The truth value of an empty array is ambiguous. Returning False, but in future this will result in an error. Use `array.size > 0` to check that an array is not empty.
  if diff:

/root/anaconda3/lib/python3.5/site-packages/sklearn/preprocessing/label.py:151: DeprecationWarning: The truth value of an empty array is ambiguous. Returning False, but in future this will result in an error. Use `array.size > 0` to check that an array is not empty.
  if diff:

/root/anaconda3/lib/python3.5/site-packages/sklearn/preprocessing/label.py:151: DeprecationWarning: The truth value of an empty array is ambiguous. Returning False, but in future this will result in an error. Use `array.size > 0` to check that an array is not empty.
  if diff:

/root/anaconda3/lib/python3.5/site-packages/sklearn/preprocessing/label.py:151: DeprecationWarning: The truth value of an empty array is ambiguous. Returning False, but in future this will result in an error. Use `array.size > 0` to check that an array is not empty.
  if diff:

/root/anaconda3/lib/python3.5/site-packages/sklearn/preprocessing/label.py:151: DeprecationWarning: The truth value of an empty array is ambiguous. Returning False, but in future this will result in an error. Use `array.size > 0` to check that an array is not empty.
  if diff:

/root/anaconda3/lib/python3.5/site-packages/sklearn/preprocessing/label.py:151: DeprecationWarning: The truth value of an empty array is ambiguous. Returning False, but in future this will result in an error. Use `array.size > 0` to check that an array is not empty.
  if diff:

/root/anaconda3/lib/python3.5/site-packages/rasa_nlu/extractors/entity_synonyms.py:85: UserWarning: Failed to load synonyms file from 'projects/ccb_nlu/new_nlu/entity_synonyms.json'
  "".format(entity_synonyms_file))

/root/anaconda3/lib/python3.5/site-packages/rasa_nlu/extractors/entity_synonyms.py:85: UserWarning: Failed to load synonyms file from 'projects/ccb_nlu/new_nlu/entity_synonyms.json'
  "".format(entity_synonyms_file))

/root/anaconda3/lib/python3.5/site-packages/sklearn/preprocessing/label.py:151: DeprecationWarning: The truth value of an empty array is ambiguous. Returning False, but in future this will result in an error. Use `array.size > 0` to check that an array is not empty.
  if diff:

/root/anaconda3/lib/python3.5/site-packages/sklearn/preprocessing/label.py:151: DeprecationWarning: The truth value of an empty array is ambiguous. Returning False, but in future this will result in an error. Use `array.size > 0` to check that an array is not empty.
  if diff:

/root/anaconda3/lib/python3.5/site-packages/sklearn/preprocessing/label.py:151: DeprecationWarning: The truth value of an empty array is ambiguous. Returning False, but in future this will result in an error. Use `array.size > 0` to check that an array is not empty.
  if diff:

/root/anaconda3/lib/python3.5/site-packages/rasa_nlu/extractors/entity_synonyms.py:85: UserWarning: Failed to load synonyms file from 'projects/ccb_nlu/new_nlu/entity_synonyms.json'
  "".format(entity_synonyms_file))

/root/anaconda3/lib/python3.5/site-packages/rasa_nlu/extractors/entity_synonyms.py:85: UserWarning: Failed to load synonyms file from 'projects/ccb_nlu/new_nlu/entity_synonyms.json'
  "".format(entity_synonyms_file))

/root/anaconda3/lib/python3.5/site-packages/sklearn/preprocessing/label.py:151: DeprecationWarning: The truth value of an empty array is ambiguous. Returning False, but in future this will result in an error. Use `array.size > 0` to check that an array is not empty.
  if diff:

/root/anaconda3/lib/python3.5/site-packages/sklearn/preprocessing/label.py:151: DeprecationWarning: The truth value of an empty array is ambiguous. Returning False, but in future this will result in an error. Use `array.size > 0` to check that an array is not empty.
  if diff:

/root/anaconda3/lib/python3.5/site-packages/sklearn/preprocessing/label.py:151: DeprecationWarning: The truth value of an empty array is ambiguous. Returning False, but in future this will result in an error. Use `array.size > 0` to check that an array is not empty.
  if diff:

/root/anaconda3/lib/python3.5/site-packages/sklearn/preprocessing/label.py:151: DeprecationWarning: The truth value of an empty array is ambiguous. Returning False, but in future this will result in an error. Use `array.size > 0` to check that an array is not empty.
  if diff:

/root/anaconda3/lib/python3.5/site-packages/sklearn/preprocessing/label.py:151: DeprecationWarning: The truth value of an empty array is ambiguous. Returning False, but in future this will result in an error. Use `array.size > 0` to check that an array is not empty.
  if diff:

/root/anaconda3/lib/python3.5/site-packages/sklearn/preprocessing/label.py:151: DeprecationWarning: The truth value of an empty array is ambiguous. Returning False, but in future this will result in an error. Use `array.size > 0` to check that an array is not empty.
  if diff:

/root/anaconda3/lib/python3.5/site-packages/sklearn/preprocessing/label.py:151: DeprecationWarning: The truth value of an empty array is ambiguous. Returning False, but in future this will result in an error. Use `array.size > 0` to check that an array is not empty.
  if diff:

/root/anaconda3/lib/python3.5/site-packages/sklearn/preprocessing/label.py:151: DeprecationWarning: The truth value of an empty array is ambiguous. Returning False, but in future this will result in an error. Use `array.size > 0` to check that an array is not empty.
  if diff:

/root/anaconda3/lib/python3.5/site-packages/sklearn/preprocessing/label.py:151: DeprecationWarning: The truth value of an empty array is ambiguous. Returning False, but in future this will result in an error. Use `array.size > 0` to check that an array is not empty.
  if diff:

/root/anaconda3/lib/python3.5/site-packages/sklearn/preprocessing/label.py:151: DeprecationWarning: The truth value of an empty array is ambiguous. Returning False, but in future this will result in an error. Use `array.size > 0` to check that an array is not empty.
  if diff:

/root/anaconda3/lib/python3.5/site-packages/sklearn/preprocessing/label.py:151: DeprecationWarning: The truth value of an empty array is ambiguous. Returning False, but in future this will result in an error. Use `array.size > 0` to check that an array is not empty.
  if diff:

/root/anaconda3/lib/python3.5/site-packages/sklearn/preprocessing/label.py:151: DeprecationWarning: The truth value of an empty array is ambiguous. Returning False, but in future this will result in an error. Use `array.size > 0` to check that an array is not empty.
  if diff:

/root/anaconda3/lib/python3.5/site-packages/sklearn/preprocessing/label.py:151: DeprecationWarning: The truth value of an empty array is ambiguous. Returning False, but in future this will result in an error. Use `array.size > 0` to check that an array is not empty.
  if diff:

/root/anaconda3/lib/python3.5/site-packages/sklearn/preprocessing/label.py:151: DeprecationWarning: The truth value of an empty array is ambiguous. Returning False, but in future this will result in an error. Use `array.size > 0` to check that an array is not empty.
  if diff:

/root/anaconda3/lib/python3.5/site-packages/sklearn/preprocessing/label.py:151: DeprecationWarning: The truth value of an empty array is ambiguous. Returning False, but in future this will result in an error. Use `array.size > 0` to check that an array is not empty.
  if diff:

/root/anaconda3/lib/python3.5/site-packages/sklearn/preprocessing/label.py:151: DeprecationWarning: The truth value of an empty array is ambiguous. Returning False, but in future this will result in an error. Use `array.size > 0` to check that an array is not empty.
  if diff:

/root/anaconda3/lib/python3.5/site-packages/sklearn/preprocessing/label.py:151: DeprecationWarning: The truth value of an empty array is ambiguous. Returning False, but in future this will result in an error. Use `array.size > 0` to check that an array is not empty.
  if diff:

/root/anaconda3/lib/python3.5/site-packages/sklearn/preprocessing/label.py:151: DeprecationWarning: The truth value of an empty array is ambiguous. Returning False, but in future this will result in an error. Use `array.size > 0` to check that an array is not empty.
  if diff:

/root/anaconda3/lib/python3.5/site-packages/rasa_nlu/extractors/entity_synonyms.py:85: UserWarning: Failed to load synonyms file from 'projects/ccb_nlu/new_nlu/entity_synonyms.json'
  "".format(entity_synonyms_file))

/root/anaconda3/lib/python3.5/site-packages/rasa_nlu/extractors/entity_synonyms.py:85: UserWarning: Failed to load synonyms file from 'projects/ccb_nlu/new_nlu/entity_synonyms.json'
  "".format(entity_synonyms_file))

/root/anaconda3/lib/python3.5/site-packages/rasa_nlu/extractors/entity_synonyms.py:85: UserWarning: Failed to load synonyms file from 'projects/ccb_nlu/new_nlu/entity_synonyms.json'
  "".format(entity_synonyms_file))

/root/anaconda3/lib/python3.5/site-packages/rasa_nlu/extractors/entity_synonyms.py:85: UserWarning: Failed to load synonyms file from 'projects/ccb_nlu/new_nlu/entity_synonyms.json'
  "".format(entity_synonyms_file))

/root/anaconda3/lib/python3.5/site-packages/rasa_nlu/extractors/entity_synonyms.py:85: UserWarning: Failed to load synonyms file from 'projects/ccb_nlu/new_nlu/entity_synonyms.json'
  "".format(entity_synonyms_file))

/root/anaconda3/lib/python3.5/site-packages/sklearn/preprocessing/label.py:151: DeprecationWarning: The truth value of an empty array is ambiguous. Returning False, but in future this will result in an error. Use `array.size > 0` to check that an array is not empty.
  if diff:

/root/anaconda3/lib/python3.5/site-packages/rasa_nlu/extractors/entity_synonyms.py:85: UserWarning: Failed to load synonyms file from 'projects/ccb_nlu/new_nlu/entity_synonyms.json'
  "".format(entity_synonyms_file))

/root/anaconda3/lib/python3.5/site-packages/rasa_nlu/extractors/entity_synonyms.py:85: UserWarning: Failed to load synonyms file from 'projects/ccb_nlu/new_nlu/entity_synonyms.json'
  "".format(entity_synonyms_file))

/root/anaconda3/lib/python3.5/site-packages/rasa_nlu/extractors/entity_synonyms.py:85: UserWarning: Failed to load synonyms file from 'projects/ccb_nlu/new_nlu/entity_synonyms.json'
  "".format(entity_synonyms_file))

Rasa process starting
Rasa process starting
Rasa process starting
Added 'nlp_mitie' to component cache. Key 'nlp_mitie-/home/dyu/grgnlp/CCB_chatbot/data/total_word_feature_extractor.dat'.
Rasa Core server is up and running on http://localhost:5005
Rasa process starting
Added 'nlp_mitie' to component cache. Key 'nlp_mitie-/home/dyu/grgnlp/CCB_chatbot/data/total_word_feature_extractor.dat'.
Rasa Core server is up and running on http://localhost:5002
Rasa process starting
Added 'nlp_mitie' to component cache. Key 'nlp_mitie-/home/dyu/grgnlp/CCB_chatbot/data/total_word_feature_extractor.dat'.
Rasa Core server is up and running on http://localhost:5000
Rasa process starting
Added 'nlp_mitie' to component cache. Key 'nlp_mitie-/home/dyu/grgnlp/CCB_chatbot/data/total_word_feature_extractor.dat'.
Rasa Core server is up and running on http://localhost:5000
Rasa process starting
Added 'nlp_mitie' to component cache. Key 'nlp_mitie-/home/dyu/grgnlp/CCB_chatbot/data/total_word_feature_extractor.dat'.
Rasa Core server is up and running on http://localhost:5000
Rasa process starting
Rasa Core server is up and running on http://localhost:5005
Rasa process starting
Added 'nlp_mitie' to component cache. Key 'nlp_mitie-/home/dyu/grgnlp/CCB_chatbot/data/total_word_feature_extractor.dat'.
Rasa Core server is up and running on http://localhost:5005
Rasa process starting
Added 'nlp_mitie' to component cache. Key 'nlp_mitie-/home/dyu/grgnlp/CCB_chatbot/data/total_word_feature_extractor.dat'.
Rasa Core server is up and running on http://localhost:5005
Rasa process starting
Added 'nlp_mitie' to component cache. Key 'nlp_mitie-/home/dyu/grgnlp/CCB_chatbot/data/total_word_feature_extractor.dat'.
Rasa Core server is up and running on http://localhost:5000
Rasa process starting
Added 'nlp_mitie' to component cache. Key 'nlp_mitie-/home/dyu/grgnlp/CCB_chatbot/data/total_word_feature_extractor.dat'.
/root/anaconda3/lib/python3.5/site-packages/rasa_nlu/extractors/entity_synonyms.py:89: UserWarning: Failed to load synonyms file from 'projects/ccb_chatbot/ccb_chatbot_demo/entity_synonyms.json'
  "".format(entity_synonyms_file))

/root/anaconda3/lib/python3.5/site-packages/sklearn/base.py:253: UserWarning: Trying to unpickle estimator SVC from version 0.19.2 when using version 0.20.3. This might lead to breaking code or invalid results. Use at your own risk.
  UserWarning)

/root/anaconda3/lib/python3.5/site-packages/sklearn/base.py:253: UserWarning: Trying to unpickle estimator GridSearchCV from version 0.19.2 when using version 0.20.3. This might lead to breaking code or invalid results. Use at your own risk.
  UserWarning)

/root/anaconda3/lib/python3.5/site-packages/sklearn/base.py:253: UserWarning: Trying to unpickle estimator LabelEncoder from version 0.19.2 when using version 0.20.3. This might lead to breaking code or invalid results. Use at your own risk.
  UserWarning)

Rasa Core server is up and running on http://localhost:5000
Rasa process starting
Added 'nlp_mitie' to component cache. Key 'nlp_mitie-/home/dyu/grgnlp/CCB_chatbot/data/total_word_feature_extractor.dat'.
/root/anaconda3/lib/python3.5/site-packages/rasa_nlu/extractors/entity_synonyms.py:89: UserWarning: Failed to load synonyms file from 'projects/ccb_chatbot/ccb_chatbot_demo/entity_synonyms.json'
  "".format(entity_synonyms_file))

/root/anaconda3/lib/python3.5/site-packages/sklearn/base.py:253: UserWarning: Trying to unpickle estimator SVC from version 0.19.2 when using version 0.20.3. This might lead to breaking code or invalid results. Use at your own risk.
  UserWarning)

/root/anaconda3/lib/python3.5/site-packages/sklearn/base.py:253: UserWarning: Trying to unpickle estimator GridSearchCV from version 0.19.2 when using version 0.20.3. This might lead to breaking code or invalid results. Use at your own risk.
  UserWarning)

/root/anaconda3/lib/python3.5/site-packages/sklearn/base.py:253: UserWarning: Trying to unpickle estimator LabelEncoder from version 0.19.2 when using version 0.20.3. This might lead to breaking code or invalid results. Use at your own risk.
  UserWarning)

Rasa Core server is up and running on http://localhost:5005
Rasa process starting
Added 'nlp_mitie' to component cache. Key 'nlp_mitie-/home/dyu/grgnlp/CCB_chatbot/data/total_word_feature_extractor.dat'.
/root/anaconda3/lib/python3.5/site-packages/rasa_nlu/extractors/entity_synonyms.py:89: UserWarning: Failed to load synonyms file from 'projects/ccb_chatbot/ccb_chatbot_demo/entity_synonyms.json'
  "".format(entity_synonyms_file))

/root/anaconda3/lib/python3.5/site-packages/sklearn/base.py:253: UserWarning: Trying to unpickle estimator SVC from version 0.19.2 when using version 0.20.3. This might lead to breaking code or invalid results. Use at your own risk.
  UserWarning)

/root/anaconda3/lib/python3.5/site-packages/sklearn/base.py:253: UserWarning: Trying to unpickle estimator GridSearchCV from version 0.19.2 when using version 0.20.3. This might lead to breaking code or invalid results. Use at your own risk.
  UserWarning)

/root/anaconda3/lib/python3.5/site-packages/sklearn/base.py:253: UserWarning: Trying to unpickle estimator LabelEncoder from version 0.19.2 when using version 0.20.3. This might lead to breaking code or invalid results. Use at your own risk.
  UserWarning)

Rasa Core server is up and running on http://localhost:5005
Rasa process starting
Added 'nlp_mitie' to component cache. Key 'nlp_mitie-/home/dyu/grgnlp/CCB_chatbot/data/total_word_feature_extractor.dat'.
Rasa Core server is up and running on http://localhost:5000
Rasa process starting
Added 'nlp_mitie' to component cache. Key 'nlp_mitie-/home/dyu/grgnlp/CCB_chatbot/data/total_word_feature_extractor.dat'.
Rasa Core server is up and running on http://localhost:5005
Couldn't create message for template 'utter_ask_management'.
Rasa process starting
Added 'nlp_mitie' to component cache. Key 'nlp_mitie-/home/dyu/grgnlp/CCB_chatbot/data/total_word_feature_extractor.dat'.
Rasa Core server is up and running on http://localhost:5005
Rasa process starting
Added 'nlp_mitie' to component cache. Key 'nlp_mitie-/home/dyu/grgnlp/CCB_chatbot/data/total_word_feature_extractor.dat'.
Rasa Core server is up and running on http://localhost:5000
Rasa process starting
Added 'nlp_mitie' to component cache. Key 'nlp_mitie-/home/dyu/grgnlp/CCB_chatbot/data/total_word_feature_extractor.dat'.
Rasa Core server is up and running on http://localhost:5000
Rasa process starting
Added 'nlp_mitie' to component cache. Key 'nlp_mitie-/home/dyu/grgnlp/CCB_chatbot/data/total_word_feature_extractor.dat'.
Rasa Core server is up and running on http://localhost:5000
